2020-06-15 02:01:24,581 [Worker-6: Loading available Gradle versions] INFO  o.e.b.c.i.u.g.PublishedGradleVersions - Gradle version information cache is up-to-date. Trying to read.
2020-06-15 02:03:15,751 [Worker-12: Creating project "ifood"] INFO  o.e.m.c.i.l.LifecycleMappingFactory - Using NULL lifecycle mapping for MavenProject: com.github.wiltoninfra.ifood:ifood:0.0.1-SNAPSHOT @ C:\Users\Wilton\Documents\development\projects\lms\Java_Project\ifood\pom.xml.
2020-06-15 02:04:15,446 [Worker-11: Creating Quarkus project...] INFO  o.e.m.c.i.l.LifecycleMappingFactory - Using org.eclipse.m2e.jdt.JarLifecycleMapping lifecycle mapping for MavenProject: org.acme:code-with-quarkus:1.0.0-SNAPSHOT @ C:\Users\Wilton\Documents\development\projects\lms\Java_Project\ifood\cadastro\pom.xml.
2020-06-15 02:04:16,989 [Worker-11: Creating Quarkus project...] INFO  o.e.m.j.i.AbstractJavaProjectConfigurator - Adding source folder /code-with-quarkus/src/main/java
2020-06-15 02:04:16,990 [Worker-11: Creating Quarkus project...] INFO  o.e.m.j.i.AbstractJavaProjectConfigurator - Adding resource folder /code-with-quarkus/src/main/resources
2020-06-15 02:04:17,007 [Worker-11: Creating Quarkus project...] INFO  o.e.m.j.i.AbstractJavaProjectConfigurator - Adding source folder /code-with-quarkus/src/test/java
2020-06-15 02:04:18,100 [Worker-13: Building] INFO  o.e.m.c.i.embedder.EclipseLogger - Using 'UTF-8' encoding to copy filtered resources.
2020-06-15 02:04:18,104 [Worker-13: Building] INFO  o.e.m.c.i.embedder.EclipseLogger - Copying 2 resources
2020-06-15 02:04:18,118 [Worker-13: Building] INFO  o.e.m.c.i.embedder.EclipseLogger - Using 'UTF-8' encoding to copy filtered resources.
2020-06-15 02:04:18,118 [Worker-13: Building] INFO  o.e.m.c.i.embedder.EclipseLogger - skip non existing resourceDirectory C:\Users\Wilton\Documents\development\projects\lms\Java_Project\ifood\cadastro\src\test\resources
2020-06-15 02:04:18,476 [Worker-4: Building] INFO  o.e.m.c.i.embedder.EclipseLogger - Using 'UTF-8' encoding to copy filtered resources.
2020-06-15 02:04:18,477 [Worker-4: Building] INFO  o.e.m.c.i.embedder.EclipseLogger - Copying 0 resource
2020-06-15 02:04:18,478 [Worker-4: Building] INFO  o.e.m.c.i.embedder.EclipseLogger - Using 'UTF-8' encoding to copy filtered resources.
2020-06-15 02:04:18,479 [Worker-4: Building] INFO  o.e.m.c.i.embedder.EclipseLogger - skip non existing resourceDirectory C:\Users\Wilton\Documents\development\projects\lms\Java_Project\ifood\cadastro\src\test\resources
2020-06-15 02:04:18,507 [Worker-11: Creating Quarkus project...] INFO  o.e.m.c.i.p.ProjectConfigurationManager - Imported and configured 1 project(s) in 3 sec
2020-06-15 02:04:18,659 [Worker-4: Building] INFO  o.e.m.c.i.embedder.EclipseLogger - Using 'UTF-8' encoding to copy filtered resources.
2020-06-15 02:04:18,659 [Worker-4: Building] INFO  o.e.m.c.i.embedder.EclipseLogger - Copying 0 resource
2020-06-15 02:04:18,661 [Worker-4: Building] INFO  o.e.m.c.i.embedder.EclipseLogger - Using 'UTF-8' encoding to copy filtered resources.
2020-06-15 02:04:18,661 [Worker-4: Building] INFO  o.e.m.c.i.embedder.EclipseLogger - skip non existing resourceDirectory C:\Users\Wilton\Documents\development\projects\lms\Java_Project\ifood\cadastro\src\test\resources
2020-06-15 02:06:05,414 [Worker-7: Creating Quarkus project...] INFO  o.e.m.c.i.l.LifecycleMappingFactory - Using org.eclipse.m2e.jdt.JarLifecycleMapping lifecycle mapping for MavenProject: com.github.wiltoninfra.ifood:cadastro:0.0.1-SNAPSHOT @ C:\Users\Wilton\Documents\development\projects\lms\Java_Project\ifood\cadastro\pom.xml.
2020-06-15 02:06:06,644 [Worker-7: Creating Quarkus project...] INFO  o.e.m.j.i.AbstractJavaProjectConfigurator - Adding source folder /cadastro/src/main/java
2020-06-15 02:06:06,645 [Worker-7: Creating Quarkus project...] INFO  o.e.m.j.i.AbstractJavaProjectConfigurator - Adding resource folder /cadastro/src/main/resources
2020-06-15 02:06:06,659 [Worker-7: Creating Quarkus project...] INFO  o.e.m.j.i.AbstractJavaProjectConfigurator - Adding source folder /cadastro/src/test/java
2020-06-15 02:06:07,435 [Worker-6: Building] INFO  o.e.m.c.i.embedder.EclipseLogger - Using 'UTF-8' encoding to copy filtered resources.
2020-06-15 02:06:07,435 [Worker-6: Building] INFO  o.e.m.c.i.embedder.EclipseLogger - Copying 2 resources
2020-06-15 02:06:07,450 [Worker-6: Building] INFO  o.e.m.c.i.embedder.EclipseLogger - Using 'UTF-8' encoding to copy filtered resources.
2020-06-15 02:06:07,450 [Worker-6: Building] INFO  o.e.m.c.i.embedder.EclipseLogger - skip non existing resourceDirectory C:\Users\Wilton\Documents\development\projects\lms\Java_Project\ifood\cadastro\src\test\resources
2020-06-15 02:06:07,495 [Worker-7: Creating Quarkus project...] INFO  o.e.m.c.i.p.ProjectConfigurationManager - Imported and configured 1 project(s) in 2 sec
2020-06-15 02:06:07,665 [Worker-7: Building] INFO  o.e.m.c.i.embedder.EclipseLogger - Using 'UTF-8' encoding to copy filtered resources.
2020-06-15 02:06:07,667 [Worker-7: Building] INFO  o.e.m.c.i.embedder.EclipseLogger - Copying 0 resource
2020-06-15 02:06:07,668 [Worker-7: Building] INFO  o.e.m.c.i.embedder.EclipseLogger - Using 'UTF-8' encoding to copy filtered resources.
2020-06-15 02:06:07,668 [Worker-7: Building] INFO  o.e.m.c.i.embedder.EclipseLogger - skip non existing resourceDirectory C:\Users\Wilton\Documents\development\projects\lms\Java_Project\ifood\cadastro\src\test\resources
2020-06-15 02:07:41,457 [Worker-19: Creating Quarkus project...] INFO  o.e.m.c.i.l.LifecycleMappingFactory - Using org.eclipse.m2e.jdt.JarLifecycleMapping lifecycle mapping for MavenProject: com.github.wiltoninfra.ifood:marketplace:0.0.1-SNAPSHOT @ C:\Users\Wilton\Documents\development\projects\lms\Java_Project\ifood\marketplace\pom.xml.
2020-06-15 02:07:42,287 [Worker-19: Creating Quarkus project...] INFO  o.e.m.j.i.AbstractJavaProjectConfigurator - Adding source folder /marketplace/src/main/java
2020-06-15 02:07:42,287 [Worker-19: Creating Quarkus project...] INFO  o.e.m.j.i.AbstractJavaProjectConfigurator - Adding resource folder /marketplace/src/main/resources
2020-06-15 02:07:42,302 [Worker-19: Creating Quarkus project...] INFO  o.e.m.j.i.AbstractJavaProjectConfigurator - Adding source folder /marketplace/src/test/java
2020-06-15 02:07:43,301 [Worker-25: Building] INFO  o.e.m.c.i.embedder.EclipseLogger - Using 'UTF-8' encoding to copy filtered resources.
2020-06-15 02:07:43,302 [Worker-25: Building] INFO  o.e.m.c.i.embedder.EclipseLogger - Copying 2 resources
2020-06-15 02:07:43,309 [Worker-25: Building] INFO  o.e.m.c.i.embedder.EclipseLogger - Using 'UTF-8' encoding to copy filtered resources.
2020-06-15 02:07:43,310 [Worker-25: Building] INFO  o.e.m.c.i.embedder.EclipseLogger - skip non existing resourceDirectory C:\Users\Wilton\Documents\development\projects\lms\Java_Project\ifood\marketplace\src\test\resources
2020-06-15 02:07:43,344 [Worker-19: Creating Quarkus project...] INFO  o.e.m.c.i.p.ProjectConfigurationManager - Imported and configured 1 project(s) in 2 sec
2020-06-15 02:07:44,356 [Worker-25: Building] INFO  o.e.m.c.i.embedder.EclipseLogger - Using 'UTF-8' encoding to copy filtered resources.
2020-06-15 02:07:44,356 [Worker-25: Building] INFO  o.e.m.c.i.embedder.EclipseLogger - Copying 0 resource
2020-06-15 02:07:44,357 [Worker-25: Building] INFO  o.e.m.c.i.embedder.EclipseLogger - Using 'UTF-8' encoding to copy filtered resources.
2020-06-15 02:07:44,357 [Worker-25: Building] INFO  o.e.m.c.i.embedder.EclipseLogger - skip non existing resourceDirectory C:\Users\Wilton\Documents\development\projects\lms\Java_Project\ifood\marketplace\src\test\resources
2020-06-15 02:09:27,236 [Worker-19: Creating Quarkus project...] INFO  o.e.m.c.i.l.LifecycleMappingFactory - Using org.eclipse.m2e.jdt.JarLifecycleMapping lifecycle mapping for MavenProject: com.github.wiltoninfra.ifood:pedido:0.0.1-SNAPSHOT @ C:\Users\Wilton\Documents\development\projects\lms\Java_Project\ifood\pedido\pom.xml.
2020-06-15 02:09:27,924 [Worker-19: Creating Quarkus project...] INFO  o.e.m.j.i.AbstractJavaProjectConfigurator - Adding source folder /pedido/src/main/java
2020-06-15 02:09:27,924 [Worker-19: Creating Quarkus project...] INFO  o.e.m.j.i.AbstractJavaProjectConfigurator - Adding resource folder /pedido/src/main/resources
2020-06-15 02:09:27,937 [Worker-19: Creating Quarkus project...] INFO  o.e.m.j.i.AbstractJavaProjectConfigurator - Adding source folder /pedido/src/test/java
2020-06-15 02:09:28,658 [Worker-23: Building] INFO  o.e.m.c.i.embedder.EclipseLogger - Using 'UTF-8' encoding to copy filtered resources.
2020-06-15 02:09:28,658 [Worker-23: Building] INFO  o.e.m.c.i.embedder.EclipseLogger - Copying 2 resources
2020-06-15 02:09:28,666 [Worker-23: Building] INFO  o.e.m.c.i.embedder.EclipseLogger - Using 'UTF-8' encoding to copy filtered resources.
2020-06-15 02:09:28,667 [Worker-23: Building] INFO  o.e.m.c.i.embedder.EclipseLogger - skip non existing resourceDirectory C:\Users\Wilton\Documents\development\projects\lms\Java_Project\ifood\pedido\src\test\resources
2020-06-15 02:09:28,699 [Worker-19: Creating Quarkus project...] INFO  o.e.m.c.i.p.ProjectConfigurationManager - Imported and configured 1 project(s) in 1 sec
2020-06-15 02:09:29,727 [Worker-23: Building] INFO  o.e.m.c.i.embedder.EclipseLogger - Using 'UTF-8' encoding to copy filtered resources.
2020-06-15 02:09:29,727 [Worker-23: Building] INFO  o.e.m.c.i.embedder.EclipseLogger - Copying 0 resource
2020-06-15 02:09:29,728 [Worker-23: Building] INFO  o.e.m.c.i.embedder.EclipseLogger - Using 'UTF-8' encoding to copy filtered resources.
2020-06-15 02:09:29,729 [Worker-23: Building] INFO  o.e.m.c.i.embedder.EclipseLogger - skip non existing resourceDirectory C:\Users\Wilton\Documents\development\projects\lms\Java_Project\ifood\pedido\src\test\resources
2020-06-15 02:10:58,523 [Worker-11: Building] INFO  o.e.m.c.i.l.LifecycleMappingFactory - Using NULL lifecycle mapping for MavenProject: com.github.wiltoninfra.ifood:ifood:0.0.1-SNAPSHOT @ C:\Users\Wilton\Documents\development\projects\lms\Java_Project\ifood\pom.xml.
